<?xml version="1.0" encoding="UTF-8" ?>
<testsuite errors="0" failures="2" hostname="LAPTOP-1UBMJ23I" name="com.ibatis.jpetstore.persistence.SequenceDaoTest" skipped="0" tests="2" time="0.08" timestamp="2016-07-09T07:10:46">
  <properties>
    <property name="java.vendor" value="Oracle Corporation" />
    <property name="sun.java.launcher" value="SUN_STANDARD" />
    <property name="sun.management.compiler" value="HotSpot 64-Bit Tiered Compilers" />
    <property name="lib" value="lib" />
    <property name="os.name" value="Windows 10" />
    <property name="sun.boot.class.path" value="C:\Program Files\Java\jdk1.8.0_92\jre\lib\resources.jar;C:\Program Files\Java\jdk1.8.0_92\jre\lib\rt.jar;C:\Program Files\Java\jdk1.8.0_92\jre\lib\sunrsasign.jar;C:\Program Files\Java\jdk1.8.0_92\jre\lib\jsse.jar;C:\Program Files\Java\jdk1.8.0_92\jre\lib\jce.jar;C:\Program Files\Java\jdk1.8.0_92\jre\lib\charsets.jar;C:\Program Files\Java\jdk1.8.0_92\jre\lib\jfr.jar;C:\Program Files\Java\jdk1.8.0_92\jre\classes" />
    <property name="ant.file.type.web" value="file" />
    <property name="sun.desktop" value="windows" />
    <property name="java.vm.specification.vendor" value="Oracle Corporation" />
    <property name="ant.home" value="c:\Users\saiteja reddy\Downloads\apache-ant-1.9.4\bin\.." />
    <property name="java.runtime.version" value="1.8.0_92-b14" />
    <property name="weblib" value="webapp/WEB-INF/lib/" />
    <property name="user.name" value="saiteja reddy" />
    <property name="reports" value="reports" />
    <property name="instrumentedclasses" value="work/instrumentedclasses/" />
    <property name="user.language" value="en" />
    <property name="sun.boot.library.path" value="C:\Program Files\Java\jdk1.8.0_92\jre\bin" />
    <property name="webclasses" value="webapp/WEB-INF/classes/" />
    <property name="ant.project.default-target" value="all" />
    <property name="ant.project.name" value="web" />
    <property name="junitreports" value="reports/junit/" />
    <property name="java.version" value="1.8.0_92" />
    <property name="classes" value="work/classes/" />
    <property name="user.timezone" value="" />
    <property name="webapp" value="webapp" />
    <property name="sun.arch.data.model" value="64" />
    <property name="java.endorsed.dirs" value="C:\Program Files\Java\jdk1.8.0_92\jre\lib\endorsed" />
    <property name="sun.cpu.isalist" value="amd64" />
    <property name="sun.jnu.encoding" value="Cp1252" />
    <property name="file.encoding.pkg" value="sun.io" />
    <property name="file.separator" value="\" />
    <property name="java.specification.name" value="Java Platform API Specification" />
    <property name="web" value="web" />
    <property name="java.class.version" value="52.0" />
    <property name="src" value="src" />
    <property name="user.country" value="IN" />
    <property name="java.home" value="C:\Program Files\Java\jdk1.8.0_92\jre" />
    <property name="java.vm.info" value="mixed mode" />
    <property name="ant.file" value="F:\mike-ibatis-jpetstore-ant-master\JPetStore\build.xml" />
    <property name="os.version" value="10.0" />
    <property name="path.separator" value=";" />
    <property name="java.vm.version" value="25.92-b14" />
    <property name="user.variant" value="" />
    <property name="ant.library.dir" value="C:\Users\saiteja reddy\Downloads\apache-ant-1.9.4\lib" />
    <property name="java.awt.printerjob" value="sun.awt.windows.WPrinterJob" />
    <property name="sun.io.unicode.encoding" value="UnicodeLittle" />
    <property name="awt.toolkit" value="sun.awt.windows.WToolkit" />
    <property name="sun.stdout.encoding" value="cp437" />
    <property name="testclasses" value="work/testclasses/" />
    <property name="user.script" value="" />
    <property name="work" value="work" />
    <property name="user.home" value="C:\Users\saiteja reddy" />
    <property name="java.specification.vendor" value="Oracle Corporation" />
    <property name="test" value="test" />
    <property name="java.library.path" value="C:\Program Files\Java\jdk1.8.0_92\jre\bin;C:\windows\Sun\Java\bin;C:\windows\system32;C:\windows;C:\ProgramData\Oracle\Java\javapath;C:\oraclexe\app\oracle\product\10.2.0\server\bin;C:\Program Files (x86)\Intel\iCLS Client\;C:\Program Files\Intel\iCLS Client\;C:\windows\system32;C:\windows;C:\windows\System32\Wbem;C:\windows\System32\WindowsPowerShell\v1.0\;C:\Program Files (x86)\Intel\Intel(R) Management Engine Components\DAL;C:\Program Files\Intel\Intel(R) Management Engine Components\DAL;C:\Program Files (x86)\Intel\Intel(R) Management Engine Components\IPT;C:\Program Files\Intel\Intel(R) Management Engine Components\IPT;C:\Program Files\nodejs\;C:\Program Files\Intel\WiFi\bin\;C:\Program Files\Common Files\Intel\WirelessCommon\;C:\Program Files (x86)\Brackets\command;C:\Program Files\TortoiseSVN\bin;C:\Program Files\Java\jre7\bin;C:\Program Files\Java\jdk1.8.0_92\bin;C:\Users\saiteja reddy\AppData\Roaming\npm;C:\Program Files (x86)\Microsoft VS Code\bin;." />
    <property name="java.vendor.url" value="http://java.oracle.com/" />
    <property name="java.vm.vendor" value="Oracle Corporation" />
    <property name="java.runtime.name" value="Java(TM) SE Runtime Environment" />
    <property name="sun.java.command" value="org.apache.tools.ant.taskdefs.optional.junit.JUnitTestRunner com.ibatis.jpetstore.persistence.SequenceDaoTest skipNonTests=false filtertrace=true haltOnError=false haltOnFailure=false formatter=org.apache.tools.ant.taskdefs.optional.junit.SummaryJUnitResultFormatter showoutput=false outputtoformatters=true logfailedtests=true threadid=0 logtestlistenerevents=false formatter=org.apache.tools.ant.taskdefs.optional.junit.XMLJUnitResultFormatter,F:\mike-ibatis-jpetstore-ant-master\JPetStore\reports\junit\TEST-com.ibatis.jpetstore.persistence.SequenceDaoTest.xml crashfile=F:\mike-ibatis-jpetstore-ant-master\JPetStore\junitvmwatcher1764657075390353045.properties propsfile=F:\mike-ibatis-jpetstore-ant-master\JPetStore\junit1851742291069966908.properties" />
    <property name="java.class.path" value="F:\mike-ibatis-jpetstore-ant-master\JPetStore\work\instrumentedclasses;F:\mike-ibatis-jpetstore-ant-master\JPetStore\work\classes;F:\mike-ibatis-jpetstore-ant-master\JPetStore\work\testclasses;F:\mike-ibatis-jpetstore-ant-master\JPetStore\src;F:\mike-ibatis-jpetstore-ant-master\JPetStore\test;F:\mike-ibatis-jpetstore-ant-master\JPetStore\lib\antlr.jar;F:\mike-ibatis-jpetstore-ant-master\JPetStore\lib\beanaction.jar;F:\mike-ibatis-jpetstore-ant-master\JPetStore\lib\commons-beanutils.jar;F:\mike-ibatis-jpetstore-ant-master\JPetStore\lib\commons-digester.jar;F:\mike-ibatis-jpetstore-ant-master\JPetStore\lib\commons-fileupload.jar;F:\mike-ibatis-jpetstore-ant-master\JPetStore\lib\commons-logging.jar;F:\mike-ibatis-jpetstore-ant-master\JPetStore\lib\commons-validator.jar;F:\mike-ibatis-jpetstore-ant-master\JPetStore\lib\hsqldb.jar;F:\mike-ibatis-jpetstore-ant-master\JPetStore\lib\ibatis-common-2.jar;F:\mike-ibatis-jpetstore-ant-master\JPetStore\lib\ibatis-dao-2.jar;F:\mike-ibatis-jpetstore-ant-master\JPetStore\lib\ibatis-sqlmap-2.jar;F:\mike-ibatis-jpetstore-ant-master\JPetStore\lib\jakarta-oro.jar;F:\mike-ibatis-jpetstore-ant-master\JPetStore\lib\struts.jar;F:\mike-ibatis-jpetstore-ant-master\JPetStore\devlib\cglib-nodep-2.1_3.jar;F:\mike-ibatis-jpetstore-ant-master\JPetStore\devlib\emma.jar;F:\mike-ibatis-jpetstore-ant-master\JPetStore\devlib\emma_ant.jar;F:\mike-ibatis-jpetstore-ant-master\JPetStore\devlib\jmock-1.0.1.jar;F:\mike-ibatis-jpetstore-ant-master\JPetStore\devlib\jmock-cglib-1.0.1.jar;F:\mike-ibatis-jpetstore-ant-master\JPetStore\devlib\junit-4.4.jar;F:\mike-ibatis-jpetstore-ant-master\JPetStore\devlib\servlet.jar;C:\Users\saiteja reddy\Downloads\apache-ant-1.9.4\lib\ant-launcher.jar;C:\Users\saiteja reddy\Downloads\apache-ant-1.9.4\lib\ant.jar;C:\Users\saiteja reddy\Downloads\apache-ant-1.9.4\lib\ant-junit.jar;C:\Users\saiteja reddy\Downloads\apache-ant-1.9.4\lib\ant-junit4.jar" />
    <property name="ant.version" value="Apache Ant(TM) version 1.9.4 compiled on April 29 2014" />
    <property name="devlib" value="devlib" />
    <property name="java.vm.specification.name" value="Java Virtual Machine Specification" />
    <property name="ant.file.type" value="file" />
    <property name="java.vm.specification.version" value="1.8" />
    <property name="sun.cpu.endian" value="little" />
    <property name="warfile" value="wars/jpetstore.war" />
    <property name="ant.file.web" value="F:\mike-ibatis-jpetstore-ant-master\JPetStore\build.xml" />
    <property name="sun.os.patch.level" value="" />
    <property name="java.io.tmpdir" value="C:\Users\SAITEJ~1\AppData\Local\Temp\" />
    <property name="java.vendor.url.bug" value="http://bugreport.sun.com/bugreport/" />
    <property name="os.arch" value="amd64" />
    <property name="java.awt.graphicsenv" value="sun.awt.Win32GraphicsEnvironment" />
    <property name="java.ext.dirs" value="C:\Program Files\Java\jdk1.8.0_92\jre\lib\ext;C:\windows\Sun\Java\lib\ext" />
    <property name="user.dir" value="F:\mike-ibatis-jpetstore-ant-master\JPetStore" />
    <property name="coveragereports" value="reports/coverage/" />
    <property name="line.separator" value="&#xd;&#xa;" />
    <property name="java.vm.name" value="Java HotSpot(TM) 64-Bit Server VM" />
    <property name="basedir" value="F:\mike-ibatis-jpetstore-ant-master\JPetStore" />
    <property name="ant.java.version" value="1.8" />
    <property name="ant.core.lib" value="C:\Users\saiteja reddy\Downloads\apache-ant-1.9.4\lib\ant.jar" />
    <property name="file.encoding" value="Cp1252" />
    <property name="sun.stderr.encoding" value="cp437" />
    <property name="wars" value="wars" />
    <property name="java.specification.version" value="1.8" />
    <property name="ant.project.invoked-targets" value="all" />
  </properties>
  <testcase classname="junit.framework.TestSuite$1" name="warning" time="0.0">
    <failure message="Exception in constructor: testSequenceShouldReturnIncrementalIdNumbers (java.lang.ClassFormatError: Illegal local variable table length 5 in method com.ibatis.jpetstore.persistence.DaoConfig.&lt;init&gt;()V&#xd;&#xa;&#x9;at com.ibatis.jpetstore.persistence.PersistenceFixture.&lt;clinit&gt;(PersistenceFixture.java:27)&#xd;&#xa;&#x9;at com.ibatis.jpetstore.persistence.BasePersistenceTest.&lt;init&gt;(BasePersistenceTest.java:7)&#xd;&#xa;&#x9;at com.ibatis.jpetstore.persistence.SequenceDaoTest.&lt;init&gt;(SequenceDaoTest.java:5)&#xd;&#xa;&#x9;at sun.reflect.NativeConstructorAccessorImpl.newInstance0(Native Method)&#xd;&#xa;&#x9;at sun.reflect.NativeConstructorAccessorImpl.newInstance(NativeConstructorAccessorImpl.java:62)&#xd;&#xa;&#x9;at sun.reflect.DelegatingConstructorAccessorImpl.newInstance(DelegatingConstructorAccessorImpl.java:45)&#xd;&#xa;&#x9;at java.lang.reflect.Constructor.newInstance(Constructor.java:423)&#xd;&#xa;&#x9;at junit.framework.TestSuite.createTest(TestSuite.java:61)&#xd;&#xa;&#x9;at junit.framework.TestSuite.addTestMethod(TestSuite.java:283)&#xd;&#xa;&#x9;at junit.framework.TestSuite.&lt;init&gt;(TestSuite.java:146)&#xd;&#xa;&#x9;at org.apache.tools.ant.taskdefs.optional.junit.JUnitTestRunner.run(JUnitTestRunner.java:497)&#xd;&#xa;&#x9;at org.apache.tools.ant.taskdefs.optional.junit.JUnitTestRunner.launch(JUnitTestRunner.java:1179)&#xd;&#xa;&#x9;at org.apache.tools.ant.taskdefs.optional.junit.JUnitTestRunner.main(JUnitTestRunner.java:1030)&#xd;&#xa;)" type="junit.framework.AssertionFailedError">junit.framework.AssertionFailedError: Exception in constructor: testSequenceShouldReturnIncrementalIdNumbers (java.lang.ClassFormatError: Illegal local variable table length 5 in method com.ibatis.jpetstore.persistence.DaoConfig.&lt;init&gt;()V
	at com.ibatis.jpetstore.persistence.PersistenceFixture.&lt;clinit&gt;(PersistenceFixture.java:27)
	at com.ibatis.jpetstore.persistence.BasePersistenceTest.&lt;init&gt;(BasePersistenceTest.java:7)
	at com.ibatis.jpetstore.persistence.SequenceDaoTest.&lt;init&gt;(SequenceDaoTest.java:5)
	at java.lang.reflect.Constructor.newInstance(Constructor.java:423)
)
</failure>
  </testcase>
  <testcase classname="junit.framework.TestSuite$1" name="warning" time="0.018">
    <failure message="Exception in constructor: testDummy (java.lang.NoClassDefFoundError: Could not initialize class com.ibatis.jpetstore.persistence.PersistenceFixture&#xd;&#xa;&#x9;at com.ibatis.jpetstore.persistence.BasePersistenceTest.&lt;init&gt;(BasePersistenceTest.java:7)&#xd;&#xa;&#x9;at com.ibatis.jpetstore.persistence.SequenceDaoTest.&lt;init&gt;(SequenceDaoTest.java:5)&#xd;&#xa;&#x9;at sun.reflect.NativeConstructorAccessorImpl.newInstance0(Native Method)&#xd;&#xa;&#x9;at sun.reflect.NativeConstructorAccessorImpl.newInstance(NativeConstructorAccessorImpl.java:62)&#xd;&#xa;&#x9;at sun.reflect.DelegatingConstructorAccessorImpl.newInstance(DelegatingConstructorAccessorImpl.java:45)&#xd;&#xa;&#x9;at java.lang.reflect.Constructor.newInstance(Constructor.java:423)&#xd;&#xa;&#x9;at junit.framework.TestSuite.createTest(TestSuite.java:61)&#xd;&#xa;&#x9;at junit.framework.TestSuite.addTestMethod(TestSuite.java:283)&#xd;&#xa;&#x9;at junit.framework.TestSuite.&lt;init&gt;(TestSuite.java:146)&#xd;&#xa;&#x9;at org.apache.tools.ant.taskdefs.optional.junit.JUnitTestRunner.run(JUnitTestRunner.java:497)&#xd;&#xa;&#x9;at org.apache.tools.ant.taskdefs.optional.junit.JUnitTestRunner.launch(JUnitTestRunner.java:1179)&#xd;&#xa;&#x9;at org.apache.tools.ant.taskdefs.optional.junit.JUnitTestRunner.main(JUnitTestRunner.java:1030)&#xd;&#xa;)" type="junit.framework.AssertionFailedError">junit.framework.AssertionFailedError: Exception in constructor: testDummy (java.lang.NoClassDefFoundError: Could not initialize class com.ibatis.jpetstore.persistence.PersistenceFixture
	at com.ibatis.jpetstore.persistence.BasePersistenceTest.&lt;init&gt;(BasePersistenceTest.java:7)
	at com.ibatis.jpetstore.persistence.SequenceDaoTest.&lt;init&gt;(SequenceDaoTest.java:5)
	at java.lang.reflect.Constructor.newInstance(Constructor.java:423)
)
</failure>
  </testcase>
  <system-out><![CDATA[]]></system-out>
  <system-err><![CDATA[]]></system-err>
</testsuite>
